<?xml version="1.0" encoding="UTF-8"?>
<!-- Generated by org.testng.reporters.JUnitReportReporter -->
<testsuite hostname="LAPTOP-C67KOGUS" failures="0" tests="2" name="Q5.Q5.Q5TestNG" time="30.702" errors="0" timestamp="2023-09-21T10:49:19 IST" skipped="0">
  <testcase classname="Q5.Q5.Q5TestNG" name="verifyLogo" time="8.196"/>
  <system-out/>
  <testcase classname="Q5.Q5.Q5TestNG" name="mmtFlights" time="22.506"/>
  <system-out/>
</testsuite> <!-- Q5.Q5.Q5TestNG -->
